<?xml version="1.0" encoding="UTF-8"?>
<!-- Generated by org.testng.reporters.JUnitXMLReporter -->
<testsuite ignored="1" hostname="Roshans-MacBook-Air.local" failures="0" tests="1" name="Default test" time="10.482" errors="0" timestamp="2026-08-20T12:24:12 IST">
  <testcase classname="tests.LoginTest" name="validLoginShouldSucceed" time="6.081"/>
  <testcase classname="tests.LoginTest" name="invalidLoginShouldFail" time="0.0">
    <ignored/>
  </testcase> <!-- invalidLoginShouldFail -->
</testsuite> <!-- Default test -->
