<?xml version="1.0" encoding="UTF-8"?>
<testng-results ignored="0" total="1" passed="1" failed="0" skipped="0">
  <reporter-output>
  </reporter-output>
  <suite started-at="2026-08-20T12:24:01 IST" name="Default suite" finished-at="2026-08-20T12:24:12 IST" duration-ms="10482">
    <groups>
    </groups>
    <test started-at="2026-08-20T12:24:01 IST" name="Default test" finished-at="2026-08-20T12:24:12 IST" duration-ms="10482">
      <class name="tests.LoginTest">
        <test-method is-config="true" signature="setUp()[pri:0, instance:tests.LoginTest@74fe5c40]" started-at="2026-08-20T12:24:01 IST" name="setUp" finished-at="2026-08-20T12:24:06 IST" duration-ms="4288" status="PASS">
          <reporter-output>
          </reporter-output>
        </test-method> <!-- setUp -->
        <test-method signature="validLoginShouldSucceed()[pri:0, instance:tests.LoginTest@74fe5c40]" started-at="2026-08-20T12:24:06 IST" name="validLoginShouldSucceed" finished-at="2026-08-20T12:24:12 IST" duration-ms="6081" status="PASS">
          <reporter-output>
          </reporter-output>
        </test-method> <!-- validLoginShouldSucceed -->
        <test-method is-config="true" signature="tearDown()[pri:0, instance:tests.LoginTest@74fe5c40]" started-at="2026-08-20T12:24:12 IST" name="tearDown" finished-at="2026-08-20T12:24:12 IST" duration-ms="93" status="PASS">
          <reporter-output>
          </reporter-output>
        </test-method> <!-- tearDown -->
      </class> <!-- tests.LoginTest -->
    </test> <!-- Default test -->
  </suite> <!-- Default suite -->
</testng-results>
